[2026-03-27T03:45:42.319+0000] {taskinstance.py:1083} INFO - Dependencies all met for <TaskInstance: pranathi_airflow_kmeans_lab.load_model_task manual__2026-03-27T03:45:03.284297+00:00 [queued]>
[2026-03-27T03:45:42.323+0000] {taskinstance.py:1083} INFO - Dependencies all met for <TaskInstance: pranathi_airflow_kmeans_lab.load_model_task manual__2026-03-27T03:45:03.284297+00:00 [queued]>
[2026-03-27T03:45:42.323+0000] {taskinstance.py:1279} INFO - 
--------------------------------------------------------------------------------
[2026-03-27T03:45:42.323+0000] {taskinstance.py:1280} INFO - Starting attempt 1 of 2
[2026-03-27T03:45:42.323+0000] {taskinstance.py:1281} INFO - 
--------------------------------------------------------------------------------
[2026-03-27T03:45:42.329+0000] {taskinstance.py:1300} INFO - Executing <Task(PythonOperator): load_model_task> on 2026-03-27 03:45:03.284297+00:00
[2026-03-27T03:45:42.332+0000] {standard_task_runner.py:55} INFO - Started process 525 to run task
[2026-03-27T03:45:42.334+0000] {standard_task_runner.py:82} INFO - Running: ['***', 'tasks', 'run', 'pranathi_***_kmeans_lab', 'load_model_task', 'manual__2026-03-27T03:45:03.284297+00:00', '--job-id', '6', '--raw', '--subdir', 'DAGS_FOLDER/***.py', '--cfg-path', '/tmp/tmp969y8332']
[2026-03-27T03:45:42.335+0000] {standard_task_runner.py:83} INFO - Job 6: Subtask load_model_task
[2026-03-27T03:45:42.361+0000] {task_command.py:388} INFO - Running <TaskInstance: pranathi_airflow_kmeans_lab.load_model_task manual__2026-03-27T03:45:03.284297+00:00 [running]> on host 190d3d5f4f17
[2026-03-27T03:45:42.393+0000] {taskinstance.py:1509} INFO - Exporting the following env vars:
AIRFLOW_CTX_DAG_OWNER=Pranathi
AIRFLOW_CTX_DAG_ID=pranathi_***_kmeans_lab
AIRFLOW_CTX_TASK_ID=load_model_task
AIRFLOW_CTX_EXECUTION_DATE=2026-03-27T03:45:03.284297+00:00
AIRFLOW_CTX_TRY_NUMBER=1
AIRFLOW_CTX_DAG_RUN_ID=manual__2026-03-27T03:45:03.284297+00:00
[2026-03-27T03:45:42.395+0000] {logging_mixin.py:137} INFO - Optimal no. of clusters: 8
[2026-03-27T03:45:42.397+0000] {warnings.py:110} WARNING - /home/***/.local/lib/python3.7/site-packages/sklearn/base.py:444: UserWarning: X has feature names, but KMeans was fitted without feature names
  f"X has feature names, but {self.__class__.__name__} was fitted without"

[2026-03-27T03:45:42.414+0000] {python.py:177} INFO - Done. Returned value was: 9
[2026-03-27T03:45:42.437+0000] {taskinstance.py:1323} INFO - Marking task as SUCCESS. dag_id=pranathi_***_kmeans_lab, task_id=load_model_task, execution_date=20260327T034503, start_date=20260327T034542, end_date=20260327T034542
[2026-03-27T03:45:42.474+0000] {local_task_job.py:208} INFO - Task exited with return code 0
[2026-03-27T03:45:42.481+0000] {taskinstance.py:2578} INFO - 0 downstream tasks scheduled from follow-on schedule check
