[2026-03-27T03:45:06.484+0000] {taskinstance.py:1083} INFO - Dependencies all met for <TaskInstance: pranathi_airflow_kmeans_lab.build_save_model_task manual__2026-03-27T03:45:03.284297+00:00 [queued]>
[2026-03-27T03:45:06.487+0000] {taskinstance.py:1083} INFO - Dependencies all met for <TaskInstance: pranathi_airflow_kmeans_lab.build_save_model_task manual__2026-03-27T03:45:03.284297+00:00 [queued]>
[2026-03-27T03:45:06.488+0000] {taskinstance.py:1279} INFO - 
--------------------------------------------------------------------------------
[2026-03-27T03:45:06.488+0000] {taskinstance.py:1280} INFO - Starting attempt 1 of 2
[2026-03-27T03:45:06.488+0000] {taskinstance.py:1281} INFO - 
--------------------------------------------------------------------------------
[2026-03-27T03:45:06.492+0000] {taskinstance.py:1300} INFO - Executing <Task(PythonOperator): build_save_model_task> on 2026-03-27 03:45:03.284297+00:00
[2026-03-27T03:45:06.495+0000] {standard_task_runner.py:55} INFO - Started process 439 to run task
[2026-03-27T03:45:06.496+0000] {standard_task_runner.py:82} INFO - Running: ['***', 'tasks', 'run', 'pranathi_***_kmeans_lab', 'build_save_model_task', 'manual__2026-03-27T03:45:03.284297+00:00', '--job-id', '5', '--raw', '--subdir', 'DAGS_FOLDER/***.py', '--cfg-path', '/tmp/tmpes5rf4no']
[2026-03-27T03:45:06.497+0000] {standard_task_runner.py:83} INFO - Job 5: Subtask build_save_model_task
[2026-03-27T03:45:06.519+0000] {task_command.py:388} INFO - Running <TaskInstance: pranathi_airflow_kmeans_lab.build_save_model_task manual__2026-03-27T03:45:03.284297+00:00 [running]> on host 190d3d5f4f17
[2026-03-27T03:45:06.553+0000] {taskinstance.py:1509} INFO - Exporting the following env vars:
AIRFLOW_CTX_DAG_OWNER=Pranathi
AIRFLOW_CTX_DAG_ID=pranathi_***_kmeans_lab
AIRFLOW_CTX_TASK_ID=build_save_model_task
AIRFLOW_CTX_EXECUTION_DATE=2026-03-27T03:45:03.284297+00:00
AIRFLOW_CTX_TRY_NUMBER=1
AIRFLOW_CTX_DAG_RUN_ID=manual__2026-03-27T03:45:03.284297+00:00
[2026-03-27T03:45:40.936+0000] {python.py:177} INFO - Done. Returned value was: [250.32804209291436, 128.89457877623195, 91.64833975738141, 72.4692153244092, 59.86140695977855, 52.06204237509111, 46.711186548043024, 41.50326475167142, 36.9282370939197, 33.986075968719675, 31.158171667913756, 28.845480032058724, 26.87443229611131, 25.999512369945634, 24.185078072393754, 22.71395006172973, 21.640087323981113, 20.78030480822549, 19.976783465801397, 19.438669340270895, 19.066399314354566, 18.446853884604554, 17.947211161985983, 16.89880742487726, 16.963181977976234, 16.582840757316497, 15.83565154409154, 15.775551490572004, 15.385507317533202, 15.02024318040923, 14.882873240965237, 14.60768698430239, 14.306186090616876, 13.891614733454848, 13.805485778871226, 13.361866184299295, 13.367890857521072, 13.073601934790835, 12.981196891357621, 13.028578398100313, 12.86700841886399, 12.617297944046324, 12.382973425034512, 12.112634671228026, 11.836539142218328, 11.577385920665517, 11.128836068114499, 11.0628045451492, 11.158174940252104]
[2026-03-27T03:45:40.955+0000] {taskinstance.py:1323} INFO - Marking task as SUCCESS. dag_id=pranathi_***_kmeans_lab, task_id=build_save_model_task, execution_date=20260327T034503, start_date=20260327T034506, end_date=20260327T034540
[2026-03-27T03:45:41.003+0000] {local_task_job.py:208} INFO - Task exited with return code 0
[2026-03-27T03:45:41.014+0000] {taskinstance.py:2578} INFO - 1 downstream tasks scheduled from follow-on schedule check
